PRETTY_NAME="Ubuntu 22.04.3 LTS"
NAME="Ubuntu"
VERSION_ID="22.04"
VERSION="22.04.3 LTS (Jammy Jellyfish)"
VERSION_CODENAME=jammy
ID=ubuntu
ID_LIKE=debian
HOME_URL="https://www.ubuntu.com/"
SUPPORT_URL="https://help.ubuntu.com/"
BUG_REPORT_URL="https://bugs.launchpad.net/ubuntu/"
PRIVACY_POLICY_URL="https://www.ubuntu.com/legal/terms-and-policies/privacy-policy"
UBUNTU_CODENAME=jammy
dom 21 gen 2024, 10:13:14, CET
Distributor ID:	Ubuntu
Description:	Ubuntu 22.04.3 LTS
Release:	22.04
Codename:	jammy
**** List of PLAYBACK Hardware Devices ****
card 0: PCH [HDA Intel PCH], device 0: ALC256 Analog [ALC256 Analog]
  Subdevices: 0/1
  Subdevice #0: subdevice #0
card 0: PCH [HDA Intel PCH], device 3: HDMI 0 [HDMI 0]
  Subdevices: 1/1
  Subdevice #0: subdevice #0
card 0: PCH [HDA Intel PCH], device 7: HDMI 1 [HDMI 1]
  Subdevices: 1/1
  Subdevice #0: subdevice #0
card 0: PCH [HDA Intel PCH], device 8: HDMI 2 [HDMI 2]
  Subdevices: 1/1
  Subdevice #0: subdevice #0
card 0: PCH [HDA Intel PCH], device 9: HDMI 3 [HDMI 3]
  Subdevices: 1/1
  Subdevice #0: subdevice #0
card 1: NVidia [HDA NVidia], device 3: HDMI 0 [HDMI 0]
  Subdevices: 1/1
  Subdevice #0: subdevice #0
card 1: NVidia [HDA NVidia], device 7: HDMI 1 [HDMI 1]
  Subdevices: 1/1
  Subdevice #0: subdevice #0
card 1: NVidia [HDA NVidia], device 8: HDMI 2 [HDMI 2]
  Subdevices: 1/1
  Subdevice #0: subdevice #0
card 1: NVidia [HDA NVidia], device 9: HDMI 3 [HDMI 3]
  Subdevices: 1/1
  Subdevice #0: subdevice #0
               total        used        free      shared  buff/cache   available
Mem:        65453720     3731456    52904108      129644     8818156    60863884
Swap:        2097148           0     2097148
iitschriws013
    description: Computer
    width: 64 bits
    capabilities: smp vsyscall32
  *-core
       description: Motherboard
       physical id: 0
     *-memory
          description: System memory
          physical id: 0
          size: 64GiB
     *-cpu
          product: 13th Gen Intel(R) Core(TM) i9-13900T
          vendor: Intel Corp.
          physical id: 1
          bus info: cpu@0
          version: 6.183.1
          size: 929MHz
          capacity: 5100MHz
          width: 64 bits
          capabilities: fpu fpu_exception wp vme de pse tsc msr pae mce cx8 apic sep mtrr pge mca cmov pat pse36 clflush dts acpi mmx fxsr sse sse2 ss ht tm pbe syscall nx pdpe1gb rdtscp x86-64 constant_tsc art arch_perfmon pebs bts rep_good nopl xtopology nonstop_tsc cpuid aperfmperf tsc_known_freq pni pclmulqdq dtes64 monitor ds_cpl vmx smx est tm2 ssse3 sdbg fma cx16 xtpr pdcm sse4_1 sse4_2 x2apic movbe popcnt tsc_deadline_timer aes xsave avx f16c rdrand lahf_lm abm 3dnowprefetch cpuid_fault epb ssbd ibrs ibpb stibp ibrs_enhanced tpr_shadow flexpriority ept vpid ept_ad fsgsbase tsc_adjust bmi1 avx2 smep bmi2 erms invpcid rdseed adx smap clflushopt clwb intel_pt sha_ni xsaveopt xsavec xgetbv1 xsaves split_lock_detect avx_vnni dtherm ida arat pln pts hwp hwp_notify hwp_act_window hwp_epp hwp_pkg_req hfi vnmi umip pku ospke waitpkg gfni vaes vpclmulqdq tme rdpid movdiri movdir64b fsrm md_clear serialize pconfig arch_lbr ibt flush_l1d arch_capabilities cpufreq
          configuration: microcode=285
     *-pci
          description: Host bridge
          product: Intel Corporation
          vendor: Intel Corporation
          physical id: 100
          bus info: pci@0000:00:00.0
          version: 01
          width: 32 bits
          clock: 33MHz
        *-pci:0
             description: PCI bridge
             product: Intel Corporation
             vendor: Intel Corporation
             physical id: 1
             bus info: pci@0000:00:01.0
             version: 01
             width: 32 bits
             clock: 33MHz
             capabilities: pci normal_decode bus_master cap_list
             configuration: driver=pcieport
             resources: irq:122 ioport:3000(size=4096) memory:81000000-820fffff ioport:6000000000(size=301989888)
           *-display
                description: VGA compatible controller
                product: TU117GL [T1000 8GB]
                vendor: NVIDIA Corporation
                physical id: 0
                bus info: pci@0000:01:00.0
                version: a1
                width: 64 bits
                clock: 33MHz
                capabilities: vga_controller bus_master cap_list rom
                configuration: driver=nvidia latency=0
                resources: iomemory:600-5ff iomemory:600-5ff irq:214 memory:81000000-81ffffff memory:6000000000-600fffffff memory:6010000000-6011ffffff ioport:3000(size=128) memory:82000000-8207ffff
           *-multimedia
                description: Audio device
                product: NVIDIA Corporation
                vendor: NVIDIA Corporation
                physical id: 0.1
                bus info: pci@0000:01:00.1
                logical name: card1
                logical name: /dev/snd/controlC1
                logical name: /dev/snd/hwC1D0
                logical name: /dev/snd/pcmC1D3p
                logical name: /dev/snd/pcmC1D7p
                logical name: /dev/snd/pcmC1D8p
                logical name: /dev/snd/pcmC1D9p
                version: a1
                width: 32 bits
                clock: 33MHz
                capabilities: bus_master cap_list
                configuration: driver=snd_hda_intel latency=0
                resources: irq:17 memory:82080000-82083fff
              *-input:0
                   product: HDA NVidia HDMI/DP,pcm=3
                   physical id: 0
                   logical name: input4
                   logical name: /dev/input/event4
              *-input:1
                   product: HDA NVidia HDMI/DP,pcm=7
                   physical id: 1
                   logical name: input5
                   logical name: /dev/input/event5
              *-input:2
                   product: HDA NVidia HDMI/DP,pcm=8
                   physical id: 2
                   logical name: input6
                   logical name: /dev/input/event6
              *-input:3
                   product: HDA NVidia HDMI/DP,pcm=9
                   physical id: 3
                   logical name: input7
                   logical name: /dev/input/event7
        *-display
             description: Display controller
             product: Intel Corporation
             vendor: Intel Corporation
             physical id: 2
             bus info: pci@0000:00:02.0
             logical name: /dev/fb0
             version: 04
             width: 64 bits
             clock: 33MHz
             capabilities: bus_master cap_list fb
             configuration: depth=32 driver=i915 latency=0 resolution=1920,1080
             resources: iomemory:600-5ff iomemory:400-3ff irq:212 memory:6012000000-6012ffffff memory:4000000000-400fffffff ioport:4000(size=64) memory:4010000000-4016ffffff memory:4020000000-40ffffffff
        *-generic:0
             description: Signal processing controller
             product: Intel Corporation
             vendor: Intel Corporation
             physical id: 4
             bus info: pci@0000:00:04.0
             version: 01
             width: 64 bits
             clock: 33MHz
             capabilities: bus_master cap_list
             configuration: driver=proc_thermal_pci latency=0
             resources: iomemory:600-5ff irq:211 memory:6013100000-601311ffff
        *-generic:1
             description: Signal processing controller
             product: Intel Corporation
             vendor: Intel Corporation
             physical id: a
             bus info: pci@0000:00:0a.0
             version: 01
             width: 64 bits
             clock: 33MHz
             capabilities: cap_list
             configuration: driver=intel_vsec latency=0
             resources: iomemory:600-5ff irq:0 memory:6013130000-6013137fff
        *-usb
             description: USB controller
             product: Intel Corporation
             vendor: Intel Corporation
             physical id: 14
             bus info: pci@0000:00:14.0
             version: 11
             width: 64 bits
             clock: 33MHz
             capabilities: xhci bus_master cap_list
             configuration: driver=xhci_hcd latency=0
             resources: iomemory:600-5ff irq:126 memory:6013120000-601312ffff
        *-memory UNCLAIMED
             description: RAM memory
             product: Intel Corporation
             vendor: Intel Corporation
             physical id: 14.2
             bus info: pci@0000:00:14.2
             version: 11
             width: 64 bits
             clock: 33MHz (30.3ns)
             capabilities: cap_list
             configuration: latency=0
             resources: iomemory:600-5ff iomemory:600-5ff memory:6013148000-601314bfff memory:601314e000-601314efff
        *-network:0
             description: Wireless interface
             product: Intel Corporation
             vendor: Intel Corporation
             physical id: 14.3
             bus info: pci@0000:00:14.3
             logical name: wlo1
             version: 11
             serial: 74:13:ea:e2:52:de
             width: 64 bits
             clock: 33MHz
             capabilities: bus_master cap_list ethernet physical wireless
             configuration: broadcast=yes driver=iwlwifi driverversion=6.5.0-14-generic firmware=83.e8f84e98.0 so-a0-gf-a0-83.uc ip=192.168.1.14 latency=0 link=yes multicast=yes wireless=IEEE 802.11
             resources: iomemory:600-5ff irq:18 memory:6013144000-6013147fff
        *-communication:0
             description: Communication controller
             product: Intel Corporation
             vendor: Intel Corporation
             physical id: 16
             bus info: pci@0000:00:16.0
             version: 11
             width: 64 bits
             clock: 33MHz
             capabilities: bus_master cap_list
             configuration: driver=mei_me latency=0
             resources: iomemory:600-5ff irq:194 memory:601314d000-601314dfff
        *-communication:1
             description: Serial controller
             product: Intel Corporation
             vendor: Intel Corporation
             physical id: 16.3
             bus info: pci@0000:00:16.3
             version: 11
             width: 32 bits
             clock: 66MHz
             capabilities: 16550 cap_list
             configuration: driver=serial latency=0
             resources: irq:19 ioport:40a0(size=8) memory:82324000-82324fff
        *-sata
             description: SATA controller
             product: Intel Corporation
             vendor: Intel Corporation
             physical id: 17
             bus info: pci@0000:00:17.0
             version: 11
             width: 32 bits
             clock: 66MHz
             capabilities: sata ahci_1.0 bus_master cap_list
             configuration: driver=ahci latency=0
             resources: irq:125 memory:82320000-82321fff memory:82323000-823230ff ioport:4090(size=8) ioport:4080(size=4) ioport:4060(size=32) memory:82322000-823227ff
        *-pci:1
             description: PCI bridge
             product: Intel Corporation
             vendor: Intel Corporation
             physical id: 1a
             bus info: pci@0000:00:1a.0
             version: 11
             width: 32 bits
             clock: 33MHz
             capabilities: pci normal_decode bus_master cap_list
             configuration: driver=pcieport
             resources: irq:123 memory:82200000-822fffff
           *-nvme
                description: NVMe device
                product: SKHynix_HFS001TEJ9X102N
                vendor: SK hynix
                physical id: 0
                bus info: pci@0000:02:00.0
                logical name: /dev/nvme0
                version: 51730A10
                serial: SSC4T00061350490E
                width: 64 bits
                clock: 33MHz
                capabilities: nvme nvm_express bus_master cap_list
                configuration: driver=nvme latency=0 nqn=nqn.2023-04.com.skhynix:nvme:nvm-subsystem-sn-SSC4T00061350490E state=live
                resources: irq:16 memory:82200000-82203fff
              *-namespace:0
                   description: NVMe disk
                   physical id: 0
                   logical name: hwmon2
              *-namespace:1
                   description: NVMe disk
                   physical id: 2
                   logical name: /dev/ng0n1
              *-namespace:2
                   description: NVMe disk
                   physical id: 1
                   bus info: nvme@0:1
                   logical name: /dev/nvme0n1
                   configuration: wwid=eui.ace42e003555be7b2ee4ac0000000001
        *-pci:2
             description: PCI bridge
             product: Intel Corporation
             vendor: Intel Corporation
             physical id: 1b
             bus info: pci@0000:00:1b.0
             version: 11
             width: 32 bits
             clock: 33MHz
             capabilities: pci normal_decode bus_master cap_list
             configuration: driver=pcieport
             resources: irq:124 memory:82100000-821fffff
           *-nvme
                description: NVMe device
                product: SKHynix_HFS001TEJ9X102N
                vendor: SK hynix
                physical id: 0
                bus info: pci@0000:03:00.0
                logical name: /dev/nvme1
                version: 51730A10
                serial: SSC4T00061350490F
                width: 64 bits
                clock: 33MHz
                capabilities: nvme nvm_express bus_master cap_list
                configuration: driver=nvme latency=0 nqn=nqn.2023-04.com.skhynix:nvme:nvm-subsystem-sn-SSC4T00061350490F state=live
                resources: irq:16 memory:82100000-82103fff
              *-namespace:0
                   description: NVMe disk
                   physical id: 0
                   logical name: hwmon1
              *-namespace:1
                   description: NVMe disk
                   physical id: 2
                   logical name: /dev/ng1n1
              *-namespace:2
                   description: NVMe disk
                   physical id: 1
                   bus info: nvme@1:1
                   logical name: /dev/nvme1n1
                   configuration: wwid=eui.ace42e003555be7c2ee4ac0000000001
        *-isa
             description: ISA bridge
             product: Intel Corporation
             vendor: Intel Corporation
             physical id: 1f
             bus info: pci@0000:00:1f.0
             version: 11
             width: 32 bits
             clock: 33MHz
             capabilities: isa bus_master
             configuration: latency=0
           *-pnp00:00
                product: PnP device PNP0c02
                physical id: 0
                capabilities: pnp
                configuration: driver=system
           *-pnp00:01
                product: PnP device PNP0c02
                physical id: 1
                capabilities: pnp
                configuration: driver=system
           *-pnp00:02
                product: PnP device PNP0c02
                physical id: 2
                capabilities: pnp
                configuration: driver=system
           *-pnp00:03
                product: PnP device PNP0c02
                physical id: 3
                capabilities: pnp
                configuration: driver=system
           *-pnp00:04
                product: PnP device PNP0c02
                physical id: 4
                capabilities: pnp
                configuration: driver=system
           *-pnp00:05
                product: PnP device PNP0c02
                physical id: 5
                capabilities: pnp
                configuration: driver=system
        *-multimedia
             description: Audio device
             product: Intel Corporation
             vendor: Intel Corporation
             physical id: 1f.3
             bus info: pci@0000:00:1f.3
             logical name: card0
             logical name: /dev/snd/controlC0
             logical name: /dev/snd/hwC0D0
             logical name: /dev/snd/hwC0D2
             logical name: /dev/snd/pcmC0D0c
             logical name: /dev/snd/pcmC0D0p
             logical name: /dev/snd/pcmC0D3p
             logical name: /dev/snd/pcmC0D7p
             logical name: /dev/snd/pcmC0D8p
             logical name: /dev/snd/pcmC0D9p
             version: 11
             width: 64 bits
             clock: 33MHz
             capabilities: bus_master cap_list
             configuration: driver=snd_hda_intel latency=32
             resources: iomemory:600-5ff iomemory:600-5ff irq:213 memory:6013140000-6013143fff memory:6013000000-60130fffff
           *-input:0
                product: HDA Intel PCH Mic
                physical id: 0
                logical name: input11
                logical name: /dev/input/event11
           *-input:1
                product: HDA Intel PCH Headphone
                physical id: 1
                logical name: input12
                logical name: /dev/input/event12
           *-input:2
                product: HDA Intel PCH HDMI/DP,pcm=3
                physical id: 2
                logical name: input13
                logical name: /dev/input/event13
           *-input:3
                product: HDA Intel PCH HDMI/DP,pcm=7
                physical id: 3
                logical name: input14
                logical name: /dev/input/event14
           *-input:4
                product: HDA Intel PCH HDMI/DP,pcm=8
                physical id: 4
                logical name: input15
                logical name: /dev/input/event15
           *-input:5
                product: HDA Intel PCH HDMI/DP,pcm=9
                physical id: 5
                logical name: input16
                logical name: /dev/input/event16
        *-serial:0
             description: SMBus
             product: Intel Corporation
             vendor: Intel Corporation
             physical id: 1f.4
             bus info: pci@0000:00:1f.4
             version: 11
             width: 64 bits
             clock: 33MHz
             configuration: driver=i801_smbus latency=0
             resources: iomemory:600-5ff irq:18 memory:601314c000-601314c0ff ioport:efa0(size=32)
        *-serial:1
             description: Serial bus controller
             product: Intel Corporation
             vendor: Intel Corporation
             physical id: 1f.5
             bus info: pci@0000:00:1f.5
             version: 11
             width: 32 bits
             clock: 33MHz
             configuration: driver=intel-spi latency=0
             resources: irq:0 memory:80400000-80400fff
        *-network:1
             description: Ethernet interface
             product: Ethernet Connection (17) I219-LM
             vendor: Intel Corporation
             physical id: 1f.6
             bus info: pci@0000:00:1f.6
             logical name: eno2
             version: 11
             serial: 74:5d:22:0c:37:ad
             capacity: 1Gbit/s
             width: 32 bits
             clock: 33MHz
             capabilities: bus_master cap_list ethernet physical tp 10bt 10bt-fd 100bt 100bt-fd 1000bt-fd autonegotiation
             configuration: autonegotiation=on broadcast=yes driver=e1000e driverversion=6.5.0-14-generic firmware=2.6-4 latency=0 link=no multicast=yes port=twisted pair
             resources: irq:127 memory:82300000-8231ffff
  *-input:0
       product: Sleep Button
       physical id: 1
       logical name: input0
       logical name: /dev/input/event0
       capabilities: platform
  *-input:1
       product: Power Button
       physical id: 2
       logical name: input1
       logical name: /dev/input/event1
       capabilities: platform
  *-input:2
       product: Logitech USB Optical Mouse
       physical id: 3
       logical name: input10
       logical name: /dev/input/event10
       logical name: /dev/input/mouse0
       capabilities: usb
  *-input:3
       product: Power Button
       physical id: 4
       logical name: input2
       logical name: /dev/input/event2
       capabilities: platform
  *-input:4
       product: Video Bus
       physical id: 5
       logical name: input3
       logical name: /dev/input/event3
       capabilities: platform
  *-input:5
       product: Logitech USB Keyboard
       physical id: 6
       logical name: input8
       logical name: /dev/input/event8
       logical name: input8::capslock
       logical name: input8::compose
       logical name: input8::kana
       logical name: input8::numlock
       logical name: input8::scrolllock
       capabilities: usb
  *-input:6
       product: Logitech USB Keyboard
       physical id: 7
       logical name: input9
       logical name: /dev/input/event9
       capabilities: usb
Client: Docker Engine - Community
 Version:           25.0.0
 API version:       1.44
 Go version:        go1.21.6
 Git commit:        e758fe5
 Built:             Thu Jan 18 17:09:49 2024
 OS/Arch:           linux/amd64
 Context:           default

Server: Docker Engine - Community
 Engine:
  Version:          25.0.0
  API version:      1.44 (minimum version 1.24)
  Go version:       go1.21.6
  Git commit:       615dfdf
  Built:            Thu Jan 18 17:09:49 2024
  OS/Arch:          linux/amd64
  Experimental:     false
 containerd:
  Version:          1.6.27
  GitCommit:        a1496014c916f9e62104b33d1bb5bd03b0858e59
 runc:
  Version:          1.1.11
  GitCommit:        v1.1.11-0-g4bccb38
 docker-init:
  Version:          0.19.0
  GitCommit:        de40ad0
